<?xml version="1.0" encoding="UTF-8"?>
<testsuite name="tran.billy.robot.controller.CommandStatusTest" tests="2" skipped="0" failures="0" errors="0" timestamp="2021-09-23T13:45:11" hostname="Billys-Mac-mini" time="0.009">
  <properties/>
  <testcase name="testHashCode()" classname="tran.billy.robot.controller.CommandStatusTest" time="0.002"/>
  <testcase name="testEquals()" classname="tran.billy.robot.controller.CommandStatusTest" time="0.002"/>
  <system-out><![CDATA[]]></system-out>
  <system-err><![CDATA[]]></system-err>
</testsuite>
