<?xml version="1.0" encoding="UTF-8"?>
<testsuite name="tran.billy.robot.machinery.SimpleRobotTest" tests="5" skipped="0" failures="0" errors="0" timestamp="2021-09-22T23:22:02" hostname="Billys-Mac-mini" time="0.072">
  <properties/>
  <testcase name="report()" classname="tran.billy.robot.machinery.SimpleRobotTest" time="0.009"/>
  <testcase name="turnRight()" classname="tran.billy.robot.machinery.SimpleRobotTest" time="0.009"/>
  <testcase name="move()" classname="tran.billy.robot.machinery.SimpleRobotTest" time="0.012"/>
  <testcase name="place()" classname="tran.billy.robot.machinery.SimpleRobotTest" time="0.002"/>
  <testcase name="turnLeft()" classname="tran.billy.robot.machinery.SimpleRobotTest" time="0.007"/>
  <system-out><![CDATA[]]></system-out>
  <system-err><![CDATA[]]></system-err>
</testsuite>
