<?xml version="1.0" encoding="UTF-8"?>
<testsuite name="tran.billy.robot.surfaces.RectTableTest" tests="2" skipped="0" failures="0" errors="0" timestamp="2021-09-22T23:22:02" hostname="Billys-Mac-mini" time="0.016">
  <properties/>
  <testcase name="isPositionAvailable_Invalid_Position()" classname="tran.billy.robot.surfaces.RectTableTest" time="0.01"/>
  <testcase name="isPositionAvailable_Valid_Position()" classname="tran.billy.robot.surfaces.RectTableTest" time="0.002"/>
  <system-out><![CDATA[]]></system-out>
  <system-err><![CDATA[]]></system-err>
</testsuite>
