<?xml version="1.0" encoding="UTF-8"?>
<testsuite name="tran.billy.robot.surfaces.RectTableTest" tests="2" skipped="0" failures="0" errors="0" timestamp="2021-09-24T03:54:44" hostname="Billys-Mac-mini.local" time="0.035">
  <properties/>
  <testcase name="isPositionAvailable_Invalid_Position()" classname="tran.billy.robot.surfaces.RectTableTest" time="0.017"/>
  <testcase name="isPositionAvailable_Valid_Position()" classname="tran.billy.robot.surfaces.RectTableTest" time="0.013"/>
  <system-out><![CDATA[]]></system-out>
  <system-err><![CDATA[]]></system-err>
</testsuite>
