<?xml version="1.0" encoding="UTF-8"?>
<testsuite name="tran.billy.robot.games.RobotGameTest" tests="2" skipped="0" failures="0" errors="0" timestamp="2021-09-23T13:45:11" hostname="Billys-Mac-mini" time="0.16">
  <properties/>
  <testcase name="run_NonInteractiveMode()" classname="tran.billy.robot.games.RobotGameTest" time="0.104"/>
  <testcase name="run_InteractiveMode()" classname="tran.billy.robot.games.RobotGameTest" time="0.053"/>
  <system-out><![CDATA[]]></system-out>
  <system-err><![CDATA[]]></system-err>
</testsuite>
