<?xml version="1.0" encoding="UTF-8"?>
<testsuite name="tran.billy.robot.surfaces.RectTableTest" tests="2" skipped="0" failures="0" errors="0" timestamp="2021-09-23T13:45:11" hostname="Billys-Mac-mini" time="0.038">
  <properties/>
  <testcase name="isPositionAvailable_Invalid_Position()" classname="tran.billy.robot.surfaces.RectTableTest" time="0.027"/>
  <testcase name="isPositionAvailable_Valid_Position()" classname="tran.billy.robot.surfaces.RectTableTest" time="0.007"/>
  <system-out><![CDATA[]]></system-out>
  <system-err><![CDATA[]]></system-err>
</testsuite>
