<?xml version="1.0" encoding="UTF-8"?>
<testsuite name="tran.billy.robot.navigation.SimpleNavigatorTest" tests="2" skipped="0" failures="0" errors="0" timestamp="2021-09-23T13:45:11" hostname="Billys-Mac-mini" time="0.097">
  <properties/>
  <testcase name="rotateLeft()" classname="tran.billy.robot.navigation.SimpleNavigatorTest" time="0.091"/>
  <testcase name="rotateRight()" classname="tran.billy.robot.navigation.SimpleNavigatorTest" time="0.002"/>
  <system-out><![CDATA[]]></system-out>
  <system-err><![CDATA[]]></system-err>
</testsuite>
