<?xml version="1.0" encoding="UTF-8"?>
<testsuite name="tran.billy.robot.navigation.CartesianCoordinateCalculatorTest" tests="1" skipped="0" failures="0" errors="0" timestamp="2021-09-22T23:22:02" hostname="Billys-Mac-mini" time="0.165">
  <properties/>
  <testcase name="nextCoordinates()" classname="tran.billy.robot.navigation.CartesianCoordinateCalculatorTest" time="0.165"/>
  <system-out><![CDATA[]]></system-out>
  <system-err><![CDATA[]]></system-err>
</testsuite>
