<?xml version="1.0" encoding="UTF-8"?>
<testsuite name="tran.billy.games.robot.navigation.NavigatorTest" tests="3" skipped="0" failures="0" errors="0" timestamp="2021-09-22T06:13:25" hostname="Billys-Mac-mini" time="0.015">
  <properties/>
  <testcase name="rotateLeft()" classname="tran.billy.games.robot.navigation.NavigatorTest" time="0.004"/>
  <testcase name="move()" classname="tran.billy.games.robot.navigation.NavigatorTest" time="0.003"/>
  <testcase name="rotateRight()" classname="tran.billy.games.robot.navigation.NavigatorTest" time="0.002"/>
  <system-out><![CDATA[]]></system-out>
  <system-err><![CDATA[]]></system-err>
</testsuite>
