<?xml version="1.0" encoding="UTF-8"?>
<testsuite name="tran.billy.robot.navigation.PositionTest" tests="4" skipped="0" failures="0" errors="0" timestamp="2021-09-24T03:54:44" hostname="Billys-Mac-mini.local" time="0.038">
  <properties/>
  <testcase name="testGetPosition()" classname="tran.billy.robot.navigation.PositionTest" time="0.012"/>
  <testcase name="testToString()" classname="tran.billy.robot.navigation.PositionTest" time="0.001"/>
  <testcase name="testHashCode()" classname="tran.billy.robot.navigation.PositionTest" time="0.01"/>
  <testcase name="testEquals()" classname="tran.billy.robot.navigation.PositionTest" time="0.007"/>
  <system-out><![CDATA[]]></system-out>
  <system-err><![CDATA[]]></system-err>
</testsuite>
